2025-10-27 19:10:24.0007 Info Loading assembly name: NLog.Web.AspNetCore
2025-10-27 19:10:24.0240 Warn Error has been raised. Exception: NLog.NLogConfigurationException: Error loading extensions: NLog.Web.AspNetCore
 ---> System.IO.FileNotFoundException: Could not load file or assembly 'NLog.Web.AspNetCore, Culture=neutral, PublicKeyToken=null'. The system cannot find the file specified.

File name: 'NLog.Web.AspNetCore, Culture=neutral, PublicKeyToken=null'
   at System.Reflection.RuntimeAssembly.InternalLoad(AssemblyName assemblyName, StackCrawlMark& stackMark, AssemblyLoadContext assemblyLoadContext, RuntimeAssembly requestingAssembly, Boolean throwOnFileNotFound)
   at System.Reflection.Assembly.Load(String assemblyString)
   at NLog.Config.AssemblyExtensionLoader.LoadAssemblyFromName(String assemblyName)
   at NLog.Config.AssemblyExtensionLoader.LoadAssemblyFromName(ConfigurationItemFactory factory, String assemblyName, String itemNamePrefix)
   at NLog.Config.LoggingConfigurationParser.ParseExtensionWithAssemblyName(String assemblyName, String itemNamePrefix)
   --- End of inner exception stack trace ---
2025-10-27 19:10:24.0494 Info Registered target NLog.Targets.ConsoleTarget(Name=console)
2025-10-27 19:10:24.0532 Warn Error has been raised. Exception: NLog.NLogConfigurationException: 'FileTarget' cannot assign unknown property 'concurrentWrites'='true'
   at NLog.Config.LoggingConfigurationParser.SetPropertyValueFromString[T](T targetObject, String propertyName, String propertyValue, ValidatedConfigurationElement element)
2025-10-27 19:10:24.0532 Info Registered target NLog.Targets.FileTarget(Name=allfile)
2025-10-27 19:10:24.0532 Warn Error has been raised. Exception: NLog.NLogConfigurationException: 'FileTarget' cannot assign unknown property 'concurrentWrites'='true'
   at NLog.Config.LoggingConfigurationParser.SetPropertyValueFromString[T](T targetObject, String propertyName, String propertyValue, ValidatedConfigurationElement element)
2025-10-27 19:10:24.0532 Info Registered target NLog.Targets.FileTarget(Name=tracefile)
2025-10-27 19:10:24.0532 Warn Error has been raised. Exception: NLog.NLogConfigurationException: 'FileTarget' cannot assign unknown property 'concurrentWrites'='true'
   at NLog.Config.LoggingConfigurationParser.SetPropertyValueFromString[T](T targetObject, String propertyName, String propertyValue, ValidatedConfigurationElement element)
2025-10-27 19:10:24.0532 Info Registered target NLog.Targets.FileTarget(Name=debugfile)
2025-10-27 19:10:24.0532 Warn Error has been raised. Exception: NLog.NLogConfigurationException: 'FileTarget' cannot assign unknown property 'concurrentWrites'='true'
   at NLog.Config.LoggingConfigurationParser.SetPropertyValueFromString[T](T targetObject, String propertyName, String propertyValue, ValidatedConfigurationElement element)
2025-10-27 19:10:24.0532 Info Registered target NLog.Targets.FileTarget(Name=infofile)
2025-10-27 19:10:24.0532 Warn Error has been raised. Exception: NLog.NLogConfigurationException: 'FileTarget' cannot assign unknown property 'concurrentWrites'='true'
   at NLog.Config.LoggingConfigurationParser.SetPropertyValueFromString[T](T targetObject, String propertyName, String propertyValue, ValidatedConfigurationElement element)
2025-10-27 19:10:24.0532 Info Registered target NLog.Targets.FileTarget(Name=warnfile)
2025-10-27 19:10:24.0532 Warn Error has been raised. Exception: NLog.NLogConfigurationException: 'FileTarget' cannot assign unknown property 'concurrentWrites'='true'
   at NLog.Config.LoggingConfigurationParser.SetPropertyValueFromString[T](T targetObject, String propertyName, String propertyValue, ValidatedConfigurationElement element)
2025-10-27 19:10:24.0532 Info Registered target NLog.Targets.FileTarget(Name=errorfile)
2025-10-27 19:10:24.0547 Warn Error has been raised. Exception: NLog.NLogConfigurationException: 'FileTarget' cannot assign unknown property 'concurrentWrites'='true'
   at NLog.Config.LoggingConfigurationParser.SetPropertyValueFromString[T](T targetObject, String propertyName, String propertyValue, ValidatedConfigurationElement element)
2025-10-27 19:10:24.0547 Info Registered target NLog.Targets.FileTarget(Name=fatalfile)
2025-10-27 19:10:24.0547 Warn Error has been raised. Exception: NLog.NLogConfigurationException: 'FileTarget' cannot assign unknown property 'concurrentWrites'='true'
   at NLog.Config.LoggingConfigurationParser.SetPropertyValueFromString[T](T targetObject, String propertyName, String propertyValue, ValidatedConfigurationElement element)
2025-10-27 19:10:24.0547 Info Registered target NLog.Targets.FileTarget(Name=voicefile)
2025-10-27 19:10:24.0547 Warn Error has been raised. Exception: NLog.NLogConfigurationException: 'FileTarget' cannot assign unknown property 'concurrentWrites'='true'
   at NLog.Config.LoggingConfigurationParser.SetPropertyValueFromString[T](T targetObject, String propertyName, String propertyValue, ValidatedConfigurationElement element)
2025-10-27 19:10:24.0547 Info Registered target NLog.Targets.FileTarget(Name=discordfile)
2025-10-27 19:10:24.0547 Info NLog, Version=6.0.0.0, Culture=neutral, PublicKeyToken=5120e14c03d0593c. File version: 6.0.5.4631. Product version: 6.0.5+a023270f66a9445456a70c06668acabe7179c723. GlobalAssemblyCache: False
2025-10-27 19:10:24.0713 Info Configuration initialized: Targets=10, ConfigItems=177, AutoReload=true, FilePath=/home/ubuntu/source/Ogur.Sentinel/src/Ogur.Sentinel.Worker/bin/Debug/net9.0/appsettings/nlog.config
2025-10-27 19:11:19.3054 Info LogFactory shutting down ...
2025-10-27 19:11:19.3054 Info Closing old configuration.
2025-10-27 19:11:19.3054 Info LogFactory shutdown completed.
2025-10-27 19:11:56.7183 Info Loading assembly name: NLog.Web.AspNetCore
2025-10-27 19:11:56.7407 Warn Error has been raised. Exception: NLog.NLogConfigurationException: Error loading extensions: NLog.Web.AspNetCore
 ---> System.IO.FileNotFoundException: Could not load file or assembly 'NLog.Web.AspNetCore, Culture=neutral, PublicKeyToken=null'. The system cannot find the file specified.

File name: 'NLog.Web.AspNetCore, Culture=neutral, PublicKeyToken=null'
   at System.Reflection.RuntimeAssembly.InternalLoad(AssemblyName assemblyName, StackCrawlMark& stackMark, AssemblyLoadContext assemblyLoadContext, RuntimeAssembly requestingAssembly, Boolean throwOnFileNotFound)
   at System.Reflection.Assembly.Load(String assemblyString)
   at NLog.Config.AssemblyExtensionLoader.LoadAssemblyFromName(String assemblyName)
   at NLog.Config.AssemblyExtensionLoader.LoadAssemblyFromName(ConfigurationItemFactory factory, String assemblyName, String itemNamePrefix)
   at NLog.Config.LoggingConfigurationParser.ParseExtensionWithAssemblyName(String assemblyName, String itemNamePrefix)
   --- End of inner exception stack trace ---
2025-10-27 19:11:56.7653 Info Registered target NLog.Targets.ConsoleTarget(Name=console)
2025-10-27 19:11:56.7690 Warn Error has been raised. Exception: NLog.NLogConfigurationException: 'FileTarget' cannot assign unknown property 'concurrentWrites'='true'
   at NLog.Config.LoggingConfigurationParser.SetPropertyValueFromString[T](T targetObject, String propertyName, String propertyValue, ValidatedConfigurationElement element)
2025-10-27 19:11:56.7690 Info Registered target NLog.Targets.FileTarget(Name=allfile)
2025-10-27 19:11:56.7690 Warn Error has been raised. Exception: NLog.NLogConfigurationException: 'FileTarget' cannot assign unknown property 'concurrentWrites'='true'
   at NLog.Config.LoggingConfigurationParser.SetPropertyValueFromString[T](T targetObject, String propertyName, String propertyValue, ValidatedConfigurationElement element)
2025-10-27 19:11:56.7690 Info Registered target NLog.Targets.FileTarget(Name=tracefile)
2025-10-27 19:11:56.7690 Warn Error has been raised. Exception: NLog.NLogConfigurationException: 'FileTarget' cannot assign unknown property 'concurrentWrites'='true'
   at NLog.Config.LoggingConfigurationParser.SetPropertyValueFromString[T](T targetObject, String propertyName, String propertyValue, ValidatedConfigurationElement element)
2025-10-27 19:11:56.7690 Info Registered target NLog.Targets.FileTarget(Name=debugfile)
2025-10-27 19:11:56.7690 Warn Error has been raised. Exception: NLog.NLogConfigurationException: 'FileTarget' cannot assign unknown property 'concurrentWrites'='true'
   at NLog.Config.LoggingConfigurationParser.SetPropertyValueFromString[T](T targetObject, String propertyName, String propertyValue, ValidatedConfigurationElement element)
2025-10-27 19:11:56.7690 Info Registered target NLog.Targets.FileTarget(Name=infofile)
2025-10-27 19:11:56.7690 Warn Error has been raised. Exception: NLog.NLogConfigurationException: 'FileTarget' cannot assign unknown property 'concurrentWrites'='true'
   at NLog.Config.LoggingConfigurationParser.SetPropertyValueFromString[T](T targetObject, String propertyName, String propertyValue, ValidatedConfigurationElement element)
2025-10-27 19:11:56.7704 Info Registered target NLog.Targets.FileTarget(Name=warnfile)
2025-10-27 19:11:56.7704 Warn Error has been raised. Exception: NLog.NLogConfigurationException: 'FileTarget' cannot assign unknown property 'concurrentWrites'='true'
   at NLog.Config.LoggingConfigurationParser.SetPropertyValueFromString[T](T targetObject, String propertyName, String propertyValue, ValidatedConfigurationElement element)
2025-10-27 19:11:56.7704 Info Registered target NLog.Targets.FileTarget(Name=errorfile)
2025-10-27 19:11:56.7704 Warn Error has been raised. Exception: NLog.NLogConfigurationException: 'FileTarget' cannot assign unknown property 'concurrentWrites'='true'
   at NLog.Config.LoggingConfigurationParser.SetPropertyValueFromString[T](T targetObject, String propertyName, String propertyValue, ValidatedConfigurationElement element)
2025-10-27 19:11:56.7704 Info Registered target NLog.Targets.FileTarget(Name=fatalfile)
2025-10-27 19:11:56.7704 Warn Error has been raised. Exception: NLog.NLogConfigurationException: 'FileTarget' cannot assign unknown property 'concurrentWrites'='true'
   at NLog.Config.LoggingConfigurationParser.SetPropertyValueFromString[T](T targetObject, String propertyName, String propertyValue, ValidatedConfigurationElement element)
2025-10-27 19:11:56.7704 Info Registered target NLog.Targets.FileTarget(Name=voicefile)
2025-10-27 19:11:56.7704 Warn Error has been raised. Exception: NLog.NLogConfigurationException: 'FileTarget' cannot assign unknown property 'concurrentWrites'='true'
   at NLog.Config.LoggingConfigurationParser.SetPropertyValueFromString[T](T targetObject, String propertyName, String propertyValue, ValidatedConfigurationElement element)
2025-10-27 19:11:56.7704 Info Registered target NLog.Targets.FileTarget(Name=discordfile)
2025-10-27 19:11:56.7704 Info NLog, Version=6.0.0.0, Culture=neutral, PublicKeyToken=5120e14c03d0593c. File version: 6.0.5.4631. Product version: 6.0.5+a023270f66a9445456a70c06668acabe7179c723. GlobalAssemblyCache: False
2025-10-27 19:11:56.7876 Info Configuration initialized: Targets=10, ConfigItems=177, AutoReload=true, FilePath=/home/ubuntu/source/Ogur.Sentinel/src/Ogur.Sentinel.Worker/bin/Debug/net9.0/appsettings/nlog.config
2025-10-27 21:56:57.4890 Info AutoReload Config File Monitor reloading configuration...
2025-10-27 21:56:57.4925 Info Loading NLog config from XML file: /home/ubuntu/source/Ogur.Sentinel/src/Ogur.Sentinel.Worker/bin/Debug/net9.0/appsettings/nlog.config
2025-10-27 21:56:57.4925 Info Loading assembly name: NLog.Web.AspNetCore
2025-10-27 21:56:57.4955 Warn Error has been raised. Exception: NLog.NLogConfigurationException: Error loading extensions: NLog.Web.AspNetCore
 ---> System.IO.FileNotFoundException: Could not load file or assembly 'NLog.Web.AspNetCore, Culture=neutral, PublicKeyToken=null'. The system cannot find the file specified.

File name: 'NLog.Web.AspNetCore, Culture=neutral, PublicKeyToken=null'
   at System.Reflection.RuntimeAssembly.InternalLoad(AssemblyName assemblyName, StackCrawlMark& stackMark, AssemblyLoadContext assemblyLoadContext, RuntimeAssembly requestingAssembly, Boolean throwOnFileNotFound)
   at System.Reflection.Assembly.Load(String assemblyString)
   at NLog.Config.AssemblyExtensionLoader.LoadAssemblyFromName(String assemblyName)
   at NLog.Config.AssemblyExtensionLoader.LoadAssemblyFromName(ConfigurationItemFactory factory, String assemblyName, String itemNamePrefix)
   at NLog.Config.LoggingConfigurationParser.ParseExtensionWithAssemblyName(String assemblyName, String itemNamePrefix)
   --- End of inner exception stack trace ---
2025-10-27 21:56:57.4955 Info Registered target NLog.Targets.ConsoleTarget(Name=console)
2025-10-27 21:56:57.4955 Warn Error has been raised. Exception: NLog.NLogConfigurationException: 'FileTarget' cannot assign unknown property 'concurrentWrites'='true'
   at NLog.Config.LoggingConfigurationParser.SetPropertyValueFromString[T](T targetObject, String propertyName, String propertyValue, ValidatedConfigurationElement element)
2025-10-27 21:56:57.4955 Info Registered target NLog.Targets.FileTarget(Name=allfile)
2025-10-27 21:56:57.4955 Warn Error has been raised. Exception: NLog.NLogConfigurationException: 'FileTarget' cannot assign unknown property 'concurrentWrites'='true'
   at NLog.Config.LoggingConfigurationParser.SetPropertyValueFromString[T](T targetObject, String propertyName, String propertyValue, ValidatedConfigurationElement element)
2025-10-27 21:56:57.4955 Info Registered target NLog.Targets.FileTarget(Name=tracefile)
2025-10-27 21:56:57.4955 Warn Error has been raised. Exception: NLog.NLogConfigurationException: 'FileTarget' cannot assign unknown property 'concurrentWrites'='true'
   at NLog.Config.LoggingConfigurationParser.SetPropertyValueFromString[T](T targetObject, String propertyName, String propertyValue, ValidatedConfigurationElement element)
2025-10-27 21:56:57.4955 Info Registered target NLog.Targets.FileTarget(Name=debugfile)
2025-10-27 21:56:57.4955 Warn Error has been raised. Exception: NLog.NLogConfigurationException: 'FileTarget' cannot assign unknown property 'concurrentWrites'='true'
   at NLog.Config.LoggingConfigurationParser.SetPropertyValueFromString[T](T targetObject, String propertyName, String propertyValue, ValidatedConfigurationElement element)
2025-10-27 21:56:57.4955 Info Registered target NLog.Targets.FileTarget(Name=infofile)
2025-10-27 21:56:57.4955 Warn Error has been raised. Exception: NLog.NLogConfigurationException: 'FileTarget' cannot assign unknown property 'concurrentWrites'='true'
   at NLog.Config.LoggingConfigurationParser.SetPropertyValueFromString[T](T targetObject, String propertyName, String propertyValue, ValidatedConfigurationElement element)
2025-10-27 21:56:57.4955 Info Registered target NLog.Targets.FileTarget(Name=warnfile)
2025-10-27 21:56:57.4955 Warn Error has been raised. Exception: NLog.NLogConfigurationException: 'FileTarget' cannot assign unknown property 'concurrentWrites'='true'
   at NLog.Config.LoggingConfigurationParser.SetPropertyValueFromString[T](T targetObject, String propertyName, String propertyValue, ValidatedConfigurationElement element)
2025-10-27 21:56:57.4955 Info Registered target NLog.Targets.FileTarget(Name=errorfile)
2025-10-27 21:56:57.4955 Warn Error has been raised. Exception: NLog.NLogConfigurationException: 'FileTarget' cannot assign unknown property 'concurrentWrites'='true'
   at NLog.Config.LoggingConfigurationParser.SetPropertyValueFromString[T](T targetObject, String propertyName, String propertyValue, ValidatedConfigurationElement element)
2025-10-27 21:56:57.4955 Info Registered target NLog.Targets.FileTarget(Name=fatalfile)
2025-10-27 21:56:57.4955 Warn Error has been raised. Exception: NLog.NLogConfigurationException: 'FileTarget' cannot assign unknown property 'concurrentWrites'='true'
   at NLog.Config.LoggingConfigurationParser.SetPropertyValueFromString[T](T targetObject, String propertyName, String propertyValue, ValidatedConfigurationElement element)
2025-10-27 21:56:57.4955 Info Registered target NLog.Targets.FileTarget(Name=voicefile)
2025-10-27 21:56:57.4955 Warn Error has been raised. Exception: NLog.NLogConfigurationException: 'FileTarget' cannot assign unknown property 'concurrentWrites'='true'
   at NLog.Config.LoggingConfigurationParser.SetPropertyValueFromString[T](T targetObject, String propertyName, String propertyValue, ValidatedConfigurationElement element)
2025-10-27 21:56:57.4955 Info Registered target NLog.Targets.FileTarget(Name=discordfile)
2025-10-27 21:56:57.4955 Info Closing old configuration.
2025-10-27 21:56:57.5048 Info Configuration initialized: Targets=10, ConfigItems=177, AutoReload=true, FilePath=/home/ubuntu/source/Ogur.Sentinel/src/Ogur.Sentinel.Worker/bin/Debug/net9.0/appsettings/nlog.config
2025-10-27 22:05:33.8819 Info AutoReload Config File Monitor reloading configuration...
2025-10-27 22:05:33.8819 Info Loading NLog config from XML file: /home/ubuntu/source/Ogur.Sentinel/src/Ogur.Sentinel.Worker/bin/Debug/net9.0/appsettings/nlog.config
2025-10-27 22:05:33.8830 Info Loading assembly name: NLog.Web.AspNetCore
2025-10-27 22:05:33.8830 Warn Error has been raised. Exception: NLog.NLogConfigurationException: Error loading extensions: NLog.Web.AspNetCore
 ---> System.IO.FileNotFoundException: Could not load file or assembly 'NLog.Web.AspNetCore, Culture=neutral, PublicKeyToken=null'. The system cannot find the file specified.

File name: 'NLog.Web.AspNetCore, Culture=neutral, PublicKeyToken=null'
   at System.Reflection.RuntimeAssembly.InternalLoad(AssemblyName assemblyName, StackCrawlMark& stackMark, AssemblyLoadContext assemblyLoadContext, RuntimeAssembly requestingAssembly, Boolean throwOnFileNotFound)
   at System.Reflection.Assembly.Load(String assemblyString)
   at NLog.Config.AssemblyExtensionLoader.LoadAssemblyFromName(String assemblyName)
   at NLog.Config.AssemblyExtensionLoader.LoadAssemblyFromName(ConfigurationItemFactory factory, String assemblyName, String itemNamePrefix)
   at NLog.Config.LoggingConfigurationParser.ParseExtensionWithAssemblyName(String assemblyName, String itemNamePrefix)
   --- End of inner exception stack trace ---
2025-10-27 22:05:33.8830 Info Registered target NLog.Targets.ConsoleTarget(Name=console)
2025-10-27 22:05:33.8830 Warn Error has been raised. Exception: NLog.NLogConfigurationException: 'FileTarget' cannot assign unknown property 'concurrentWrites'='true'
   at NLog.Config.LoggingConfigurationParser.SetPropertyValueFromString[T](T targetObject, String propertyName, String propertyValue, ValidatedConfigurationElement element)
2025-10-27 22:05:33.8830 Info Registered target NLog.Targets.FileTarget(Name=allfile)
2025-10-27 22:05:33.8830 Warn Error has been raised. Exception: NLog.NLogConfigurationException: 'FileTarget' cannot assign unknown property 'concurrentWrites'='true'
   at NLog.Config.LoggingConfigurationParser.SetPropertyValueFromString[T](T targetObject, String propertyName, String propertyValue, ValidatedConfigurationElement element)
2025-10-27 22:05:33.8830 Info Registered target NLog.Targets.FileTarget(Name=tracefile)
2025-10-27 22:05:33.8830 Warn Error has been raised. Exception: NLog.NLogConfigurationException: 'FileTarget' cannot assign unknown property 'concurrentWrites'='true'
   at NLog.Config.LoggingConfigurationParser.SetPropertyValueFromString[T](T targetObject, String propertyName, String propertyValue, ValidatedConfigurationElement element)
2025-10-27 22:05:33.8830 Info Registered target NLog.Targets.FileTarget(Name=debugfile)
2025-10-27 22:05:33.8830 Warn Error has been raised. Exception: NLog.NLogConfigurationException: 'FileTarget' cannot assign unknown property 'concurrentWrites'='true'
   at NLog.Config.LoggingConfigurationParser.SetPropertyValueFromString[T](T targetObject, String propertyName, String propertyValue, ValidatedConfigurationElement element)
2025-10-27 22:05:33.8830 Info Registered target NLog.Targets.FileTarget(Name=infofile)
2025-10-27 22:05:33.8830 Warn Error has been raised. Exception: NLog.NLogConfigurationException: 'FileTarget' cannot assign unknown property 'concurrentWrites'='true'
   at NLog.Config.LoggingConfigurationParser.SetPropertyValueFromString[T](T targetObject, String propertyName, String propertyValue, ValidatedConfigurationElement element)
2025-10-27 22:05:33.8830 Info Registered target NLog.Targets.FileTarget(Name=warnfile)
2025-10-27 22:05:33.8830 Warn Error has been raised. Exception: NLog.NLogConfigurationException: 'FileTarget' cannot assign unknown property 'concurrentWrites'='true'
   at NLog.Config.LoggingConfigurationParser.SetPropertyValueFromString[T](T targetObject, String propertyName, String propertyValue, ValidatedConfigurationElement element)
2025-10-27 22:05:33.8830 Info Registered target NLog.Targets.FileTarget(Name=errorfile)
2025-10-27 22:05:33.8830 Warn Error has been raised. Exception: NLog.NLogConfigurationException: 'FileTarget' cannot assign unknown property 'concurrentWrites'='true'
   at NLog.Config.LoggingConfigurationParser.SetPropertyValueFromString[T](T targetObject, String propertyName, String propertyValue, ValidatedConfigurationElement element)
2025-10-27 22:05:33.8830 Info Registered target NLog.Targets.FileTarget(Name=fatalfile)
2025-10-27 22:05:33.8830 Warn Error has been raised. Exception: NLog.NLogConfigurationException: 'FileTarget' cannot assign unknown property 'concurrentWrites'='true'
   at NLog.Config.LoggingConfigurationParser.SetPropertyValueFromString[T](T targetObject, String propertyName, String propertyValue, ValidatedConfigurationElement element)
2025-10-27 22:05:33.8830 Info Registered target NLog.Targets.FileTarget(Name=voicefile)
2025-10-27 22:05:33.8830 Warn Error has been raised. Exception: NLog.NLogConfigurationException: 'FileTarget' cannot assign unknown property 'concurrentWrites'='true'
   at NLog.Config.LoggingConfigurationParser.SetPropertyValueFromString[T](T targetObject, String propertyName, String propertyValue, ValidatedConfigurationElement element)
2025-10-27 22:05:33.8830 Info Registered target NLog.Targets.FileTarget(Name=discordfile)
2025-10-27 22:05:33.8830 Info Closing old configuration.
2025-10-27 22:05:33.8872 Info Configuration initialized: Targets=10, ConfigItems=177, AutoReload=true, FilePath=/home/ubuntu/source/Ogur.Sentinel/src/Ogur.Sentinel.Worker/bin/Debug/net9.0/appsettings/nlog.config
2025-10-27 22:12:46.9594 Info AutoReload Config File Monitor reloading configuration...
2025-10-27 22:12:46.9594 Info Loading NLog config from XML file: /home/ubuntu/source/Ogur.Sentinel/src/Ogur.Sentinel.Worker/bin/Debug/net9.0/appsettings/nlog.config
2025-10-27 22:12:46.9594 Info Loading assembly name: NLog.Web.AspNetCore
2025-10-27 22:12:46.9594 Warn Error has been raised. Exception: NLog.NLogConfigurationException: Error loading extensions: NLog.Web.AspNetCore
 ---> System.IO.FileNotFoundException: Could not load file or assembly 'NLog.Web.AspNetCore, Culture=neutral, PublicKeyToken=null'. The system cannot find the file specified.

File name: 'NLog.Web.AspNetCore, Culture=neutral, PublicKeyToken=null'
   at System.Reflection.RuntimeAssembly.InternalLoad(AssemblyName assemblyName, StackCrawlMark& stackMark, AssemblyLoadContext assemblyLoadContext, RuntimeAssembly requestingAssembly, Boolean throwOnFileNotFound)
   at System.Reflection.Assembly.Load(String assemblyString)
   at NLog.Config.AssemblyExtensionLoader.LoadAssemblyFromName(String assemblyName)
   at NLog.Config.AssemblyExtensionLoader.LoadAssemblyFromName(ConfigurationItemFactory factory, String assemblyName, String itemNamePrefix)
   at NLog.Config.LoggingConfigurationParser.ParseExtensionWithAssemblyName(String assemblyName, String itemNamePrefix)
   --- End of inner exception stack trace ---
2025-10-27 22:12:46.9594 Info Registered target NLog.Targets.ConsoleTarget(Name=console)
2025-10-27 22:12:46.9594 Warn Error has been raised. Exception: NLog.NLogConfigurationException: 'FileTarget' cannot assign unknown property 'concurrentWrites'='true'
   at NLog.Config.LoggingConfigurationParser.SetPropertyValueFromString[T](T targetObject, String propertyName, String propertyValue, ValidatedConfigurationElement element)
2025-10-27 22:12:46.9594 Info Registered target NLog.Targets.FileTarget(Name=allfile)
2025-10-27 22:12:46.9594 Warn Error has been raised. Exception: NLog.NLogConfigurationException: 'FileTarget' cannot assign unknown property 'concurrentWrites'='true'
   at NLog.Config.LoggingConfigurationParser.SetPropertyValueFromString[T](T targetObject, String propertyName, String propertyValue, ValidatedConfigurationElement element)
2025-10-27 22:12:46.9594 Info Registered target NLog.Targets.FileTarget(Name=tracefile)
2025-10-27 22:12:46.9594 Warn Error has been raised. Exception: NLog.NLogConfigurationException: 'FileTarget' cannot assign unknown property 'concurrentWrites'='true'
   at NLog.Config.LoggingConfigurationParser.SetPropertyValueFromString[T](T targetObject, String propertyName, String propertyValue, ValidatedConfigurationElement element)
2025-10-27 22:12:46.9594 Info Registered target NLog.Targets.FileTarget(Name=debugfile)
2025-10-27 22:12:46.9594 Warn Error has been raised. Exception: NLog.NLogConfigurationException: 'FileTarget' cannot assign unknown property 'concurrentWrites'='true'
   at NLog.Config.LoggingConfigurationParser.SetPropertyValueFromString[T](T targetObject, String propertyName, String propertyValue, ValidatedConfigurationElement element)
2025-10-27 22:12:46.9594 Info Registered target NLog.Targets.FileTarget(Name=infofile)
2025-10-27 22:12:46.9594 Warn Error has been raised. Exception: NLog.NLogConfigurationException: 'FileTarget' cannot assign unknown property 'concurrentWrites'='true'
   at NLog.Config.LoggingConfigurationParser.SetPropertyValueFromString[T](T targetObject, String propertyName, String propertyValue, ValidatedConfigurationElement element)
2025-10-27 22:12:46.9594 Info Registered target NLog.Targets.FileTarget(Name=warnfile)
2025-10-27 22:12:46.9594 Warn Error has been raised. Exception: NLog.NLogConfigurationException: 'FileTarget' cannot assign unknown property 'concurrentWrites'='true'
   at NLog.Config.LoggingConfigurationParser.SetPropertyValueFromString[T](T targetObject, String propertyName, String propertyValue, ValidatedConfigurationElement element)
2025-10-27 22:12:46.9594 Info Registered target NLog.Targets.FileTarget(Name=errorfile)
2025-10-27 22:12:46.9594 Warn Error has been raised. Exception: NLog.NLogConfigurationException: 'FileTarget' cannot assign unknown property 'concurrentWrites'='true'
   at NLog.Config.LoggingConfigurationParser.SetPropertyValueFromString[T](T targetObject, String propertyName, String propertyValue, ValidatedConfigurationElement element)
2025-10-27 22:12:46.9594 Info Registered target NLog.Targets.FileTarget(Name=fatalfile)
2025-10-27 22:12:46.9594 Warn Error has been raised. Exception: NLog.NLogConfigurationException: 'FileTarget' cannot assign unknown property 'concurrentWrites'='true'
   at NLog.Config.LoggingConfigurationParser.SetPropertyValueFromString[T](T targetObject, String propertyName, String propertyValue, ValidatedConfigurationElement element)
2025-10-27 22:12:46.9594 Info Registered target NLog.Targets.FileTarget(Name=voicefile)
2025-10-27 22:12:46.9594 Warn Error has been raised. Exception: NLog.NLogConfigurationException: 'FileTarget' cannot assign unknown property 'concurrentWrites'='true'
   at NLog.Config.LoggingConfigurationParser.SetPropertyValueFromString[T](T targetObject, String propertyName, String propertyValue, ValidatedConfigurationElement element)
2025-10-27 22:12:46.9594 Info Registered target NLog.Targets.FileTarget(Name=discordfile)
2025-10-27 22:12:46.9594 Info Closing old configuration.
2025-10-27 22:12:46.9594 Info Configuration initialized: Targets=10, ConfigItems=177, AutoReload=true, FilePath=/home/ubuntu/source/Ogur.Sentinel/src/Ogur.Sentinel.Worker/bin/Debug/net9.0/appsettings/nlog.config
2025-10-27 22:17:31.5758 Info AutoReload Config File Monitor reloading configuration...
2025-10-27 22:17:31.5758 Info Loading NLog config from XML file: /home/ubuntu/source/Ogur.Sentinel/src/Ogur.Sentinel.Worker/bin/Debug/net9.0/appsettings/nlog.config
2025-10-27 22:17:31.5758 Info Loading assembly name: NLog.Web.AspNetCore
2025-10-27 22:17:31.5758 Warn Error has been raised. Exception: NLog.NLogConfigurationException: Error loading extensions: NLog.Web.AspNetCore
 ---> System.IO.FileNotFoundException: Could not load file or assembly 'NLog.Web.AspNetCore, Culture=neutral, PublicKeyToken=null'. The system cannot find the file specified.

File name: 'NLog.Web.AspNetCore, Culture=neutral, PublicKeyToken=null'
   at System.Reflection.RuntimeAssembly.InternalLoad(AssemblyName assemblyName, StackCrawlMark& stackMark, AssemblyLoadContext assemblyLoadContext, RuntimeAssembly requestingAssembly, Boolean throwOnFileNotFound)
   at System.Reflection.Assembly.Load(String assemblyString)
   at NLog.Config.AssemblyExtensionLoader.LoadAssemblyFromName(String assemblyName)
   at NLog.Config.AssemblyExtensionLoader.LoadAssemblyFromName(ConfigurationItemFactory factory, String assemblyName, String itemNamePrefix)
   at NLog.Config.LoggingConfigurationParser.ParseExtensionWithAssemblyName(String assemblyName, String itemNamePrefix)
   --- End of inner exception stack trace ---
2025-10-27 22:17:31.5758 Info Registered target NLog.Targets.ConsoleTarget(Name=console)
2025-10-27 22:17:31.5758 Warn Error has been raised. Exception: NLog.NLogConfigurationException: 'FileTarget' cannot assign unknown property 'concurrentWrites'='true'
   at NLog.Config.LoggingConfigurationParser.SetPropertyValueFromString[T](T targetObject, String propertyName, String propertyValue, ValidatedConfigurationElement element)
2025-10-27 22:17:31.5758 Info Registered target NLog.Targets.FileTarget(Name=allfile)
2025-10-27 22:17:31.5758 Warn Error has been raised. Exception: NLog.NLogConfigurationException: 'FileTarget' cannot assign unknown property 'concurrentWrites'='true'
   at NLog.Config.LoggingConfigurationParser.SetPropertyValueFromString[T](T targetObject, String propertyName, String propertyValue, ValidatedConfigurationElement element)
2025-10-27 22:17:31.5758 Info Registered target NLog.Targets.FileTarget(Name=tracefile)
2025-10-27 22:17:31.5758 Warn Error has been raised. Exception: NLog.NLogConfigurationException: 'FileTarget' cannot assign unknown property 'concurrentWrites'='true'
   at NLog.Config.LoggingConfigurationParser.SetPropertyValueFromString[T](T targetObject, String propertyName, String propertyValue, ValidatedConfigurationElement element)
2025-10-27 22:17:31.5758 Info Registered target NLog.Targets.FileTarget(Name=debugfile)
2025-10-27 22:17:31.5758 Warn Error has been raised. Exception: NLog.NLogConfigurationException: 'FileTarget' cannot assign unknown property 'concurrentWrites'='true'
   at NLog.Config.LoggingConfigurationParser.SetPropertyValueFromString[T](T targetObject, String propertyName, String propertyValue, ValidatedConfigurationElement element)
2025-10-27 22:17:31.5758 Info Registered target NLog.Targets.FileTarget(Name=infofile)
2025-10-27 22:17:31.5758 Warn Error has been raised. Exception: NLog.NLogConfigurationException: 'FileTarget' cannot assign unknown property 'concurrentWrites'='true'
   at NLog.Config.LoggingConfigurationParser.SetPropertyValueFromString[T](T targetObject, String propertyName, String propertyValue, ValidatedConfigurationElement element)
2025-10-27 22:17:31.5758 Info Registered target NLog.Targets.FileTarget(Name=warnfile)
2025-10-27 22:17:31.5758 Warn Error has been raised. Exception: NLog.NLogConfigurationException: 'FileTarget' cannot assign unknown property 'concurrentWrites'='true'
   at NLog.Config.LoggingConfigurationParser.SetPropertyValueFromString[T](T targetObject, String propertyName, String propertyValue, ValidatedConfigurationElement element)
2025-10-27 22:17:31.5758 Info Registered target NLog.Targets.FileTarget(Name=errorfile)
2025-10-27 22:17:31.5758 Warn Error has been raised. Exception: NLog.NLogConfigurationException: 'FileTarget' cannot assign unknown property 'concurrentWrites'='true'
   at NLog.Config.LoggingConfigurationParser.SetPropertyValueFromString[T](T targetObject, String propertyName, String propertyValue, ValidatedConfigurationElement element)
2025-10-27 22:17:31.5758 Info Registered target NLog.Targets.FileTarget(Name=fatalfile)
2025-10-27 22:17:31.5758 Warn Error has been raised. Exception: NLog.NLogConfigurationException: 'FileTarget' cannot assign unknown property 'concurrentWrites'='true'
   at NLog.Config.LoggingConfigurationParser.SetPropertyValueFromString[T](T targetObject, String propertyName, String propertyValue, ValidatedConfigurationElement element)
2025-10-27 22:17:31.5758 Info Registered target NLog.Targets.FileTarget(Name=voicefile)
2025-10-27 22:17:31.5758 Warn Error has been raised. Exception: NLog.NLogConfigurationException: 'FileTarget' cannot assign unknown property 'concurrentWrites'='true'
   at NLog.Config.LoggingConfigurationParser.SetPropertyValueFromString[T](T targetObject, String propertyName, String propertyValue, ValidatedConfigurationElement element)
2025-10-27 22:17:31.5758 Info Registered target NLog.Targets.FileTarget(Name=discordfile)
2025-10-27 22:17:31.5758 Info Closing old configuration.
2025-10-27 22:17:31.5791 Info Configuration initialized: Targets=10, ConfigItems=177, AutoReload=true, FilePath=/home/ubuntu/source/Ogur.Sentinel/src/Ogur.Sentinel.Worker/bin/Debug/net9.0/appsettings/nlog.config
2025-10-27 22:26:10.1005 Info AutoReload Config File Monitor reloading configuration...
2025-10-27 22:26:10.1005 Info Loading NLog config from XML file: /home/ubuntu/source/Ogur.Sentinel/src/Ogur.Sentinel.Worker/bin/Debug/net9.0/appsettings/nlog.config
2025-10-27 22:26:10.1005 Info Loading assembly name: NLog.Web.AspNetCore
2025-10-27 22:26:10.1005 Warn Error has been raised. Exception: NLog.NLogConfigurationException: Error loading extensions: NLog.Web.AspNetCore
 ---> System.IO.FileNotFoundException: Could not load file or assembly 'NLog.Web.AspNetCore, Culture=neutral, PublicKeyToken=null'. The system cannot find the file specified.

File name: 'NLog.Web.AspNetCore, Culture=neutral, PublicKeyToken=null'
   at System.Reflection.RuntimeAssembly.InternalLoad(AssemblyName assemblyName, StackCrawlMark& stackMark, AssemblyLoadContext assemblyLoadContext, RuntimeAssembly requestingAssembly, Boolean throwOnFileNotFound)
   at System.Reflection.Assembly.Load(String assemblyString)
   at NLog.Config.AssemblyExtensionLoader.LoadAssemblyFromName(String assemblyName)
   at NLog.Config.AssemblyExtensionLoader.LoadAssemblyFromName(ConfigurationItemFactory factory, String assemblyName, String itemNamePrefix)
   at NLog.Config.LoggingConfigurationParser.ParseExtensionWithAssemblyName(String assemblyName, String itemNamePrefix)
   --- End of inner exception stack trace ---
2025-10-27 22:26:10.1005 Info Registered target NLog.Targets.ConsoleTarget(Name=console)
2025-10-27 22:26:10.1005 Warn Error has been raised. Exception: NLog.NLogConfigurationException: 'FileTarget' cannot assign unknown property 'concurrentWrites'='true'
   at NLog.Config.LoggingConfigurationParser.SetPropertyValueFromString[T](T targetObject, String propertyName, String propertyValue, ValidatedConfigurationElement element)
2025-10-27 22:26:10.1005 Info Registered target NLog.Targets.FileTarget(Name=allfile)
2025-10-27 22:26:10.1005 Warn Error has been raised. Exception: NLog.NLogConfigurationException: 'FileTarget' cannot assign unknown property 'concurrentWrites'='true'
   at NLog.Config.LoggingConfigurationParser.SetPropertyValueFromString[T](T targetObject, String propertyName, String propertyValue, ValidatedConfigurationElement element)
2025-10-27 22:26:10.1005 Info Registered target NLog.Targets.FileTarget(Name=tracefile)
2025-10-27 22:26:10.1005 Warn Error has been raised. Exception: NLog.NLogConfigurationException: 'FileTarget' cannot assign unknown property 'concurrentWrites'='true'
   at NLog.Config.LoggingConfigurationParser.SetPropertyValueFromString[T](T targetObject, String propertyName, String propertyValue, ValidatedConfigurationElement element)
2025-10-27 22:26:10.1005 Info Registered target NLog.Targets.FileTarget(Name=debugfile)
2025-10-27 22:26:10.1005 Warn Error has been raised. Exception: NLog.NLogConfigurationException: 'FileTarget' cannot assign unknown property 'concurrentWrites'='true'
   at NLog.Config.LoggingConfigurationParser.SetPropertyValueFromString[T](T targetObject, String propertyName, String propertyValue, ValidatedConfigurationElement element)
2025-10-27 22:26:10.1005 Info Registered target NLog.Targets.FileTarget(Name=infofile)
2025-10-27 22:26:10.1005 Warn Error has been raised. Exception: NLog.NLogConfigurationException: 'FileTarget' cannot assign unknown property 'concurrentWrites'='true'
   at NLog.Config.LoggingConfigurationParser.SetPropertyValueFromString[T](T targetObject, String propertyName, String propertyValue, ValidatedConfigurationElement element)
2025-10-27 22:26:10.1005 Info Registered target NLog.Targets.FileTarget(Name=warnfile)
2025-10-27 22:26:10.1005 Warn Error has been raised. Exception: NLog.NLogConfigurationException: 'FileTarget' cannot assign unknown property 'concurrentWrites'='true'
   at NLog.Config.LoggingConfigurationParser.SetPropertyValueFromString[T](T targetObject, String propertyName, String propertyValue, ValidatedConfigurationElement element)
2025-10-27 22:26:10.1005 Info Registered target NLog.Targets.FileTarget(Name=errorfile)
2025-10-27 22:26:10.1005 Warn Error has been raised. Exception: NLog.NLogConfigurationException: 'FileTarget' cannot assign unknown property 'concurrentWrites'='true'
   at NLog.Config.LoggingConfigurationParser.SetPropertyValueFromString[T](T targetObject, String propertyName, String propertyValue, ValidatedConfigurationElement element)
2025-10-27 22:26:10.1005 Info Registered target NLog.Targets.FileTarget(Name=fatalfile)
2025-10-27 22:26:10.1005 Warn Error has been raised. Exception: NLog.NLogConfigurationException: 'FileTarget' cannot assign unknown property 'concurrentWrites'='true'
   at NLog.Config.LoggingConfigurationParser.SetPropertyValueFromString[T](T targetObject, String propertyName, String propertyValue, ValidatedConfigurationElement element)
2025-10-27 22:26:10.1005 Info Registered target NLog.Targets.FileTarget(Name=voicefile)
2025-10-27 22:26:10.1005 Warn Error has been raised. Exception: NLog.NLogConfigurationException: 'FileTarget' cannot assign unknown property 'concurrentWrites'='true'
   at NLog.Config.LoggingConfigurationParser.SetPropertyValueFromString[T](T targetObject, String propertyName, String propertyValue, ValidatedConfigurationElement element)
2025-10-27 22:26:10.1005 Info Registered target NLog.Targets.FileTarget(Name=discordfile)
2025-10-27 22:26:10.1005 Info Closing old configuration.
2025-10-27 22:26:10.1005 Info Configuration initialized: Targets=10, ConfigItems=177, AutoReload=true, FilePath=/home/ubuntu/source/Ogur.Sentinel/src/Ogur.Sentinel.Worker/bin/Debug/net9.0/appsettings/nlog.config
2025-10-27 22:28:43.4208 Info AutoReload Config File Monitor reloading configuration...
2025-10-27 22:28:43.4208 Info Loading NLog config from XML file: /home/ubuntu/source/Ogur.Sentinel/src/Ogur.Sentinel.Worker/bin/Debug/net9.0/appsettings/nlog.config
2025-10-27 22:28:43.4208 Info Loading assembly name: NLog.Web.AspNetCore
2025-10-27 22:28:43.4208 Warn Error has been raised. Exception: NLog.NLogConfigurationException: Error loading extensions: NLog.Web.AspNetCore
 ---> System.IO.FileNotFoundException: Could not load file or assembly 'NLog.Web.AspNetCore, Culture=neutral, PublicKeyToken=null'. The system cannot find the file specified.

File name: 'NLog.Web.AspNetCore, Culture=neutral, PublicKeyToken=null'
   at System.Reflection.RuntimeAssembly.InternalLoad(AssemblyName assemblyName, StackCrawlMark& stackMark, AssemblyLoadContext assemblyLoadContext, RuntimeAssembly requestingAssembly, Boolean throwOnFileNotFound)
   at System.Reflection.Assembly.Load(String assemblyString)
   at NLog.Config.AssemblyExtensionLoader.LoadAssemblyFromName(String assemblyName)
   at NLog.Config.AssemblyExtensionLoader.LoadAssemblyFromName(ConfigurationItemFactory factory, String assemblyName, String itemNamePrefix)
   at NLog.Config.LoggingConfigurationParser.ParseExtensionWithAssemblyName(String assemblyName, String itemNamePrefix)
   --- End of inner exception stack trace ---
2025-10-27 22:28:43.4208 Info Registered target NLog.Targets.ConsoleTarget(Name=console)
2025-10-27 22:28:43.4208 Warn Error has been raised. Exception: NLog.NLogConfigurationException: 'FileTarget' cannot assign unknown property 'concurrentWrites'='true'
   at NLog.Config.LoggingConfigurationParser.SetPropertyValueFromString[T](T targetObject, String propertyName, String propertyValue, ValidatedConfigurationElement element)
2025-10-27 22:28:43.4208 Info Registered target NLog.Targets.FileTarget(Name=allfile)
2025-10-27 22:28:43.4228 Warn Error has been raised. Exception: NLog.NLogConfigurationException: 'FileTarget' cannot assign unknown property 'concurrentWrites'='true'
   at NLog.Config.LoggingConfigurationParser.SetPropertyValueFromString[T](T targetObject, String propertyName, String propertyValue, ValidatedConfigurationElement element)
2025-10-27 22:28:43.4228 Info Registered target NLog.Targets.FileTarget(Name=tracefile)
2025-10-27 22:28:43.4228 Warn Error has been raised. Exception: NLog.NLogConfigurationException: 'FileTarget' cannot assign unknown property 'concurrentWrites'='true'
   at NLog.Config.LoggingConfigurationParser.SetPropertyValueFromString[T](T targetObject, String propertyName, String propertyValue, ValidatedConfigurationElement element)
2025-10-27 22:28:43.4228 Info Registered target NLog.Targets.FileTarget(Name=debugfile)
2025-10-27 22:28:43.4228 Warn Error has been raised. Exception: NLog.NLogConfigurationException: 'FileTarget' cannot assign unknown property 'concurrentWrites'='true'
   at NLog.Config.LoggingConfigurationParser.SetPropertyValueFromString[T](T targetObject, String propertyName, String propertyValue, ValidatedConfigurationElement element)
2025-10-27 22:28:43.4228 Info Registered target NLog.Targets.FileTarget(Name=infofile)
2025-10-27 22:28:43.4228 Warn Error has been raised. Exception: NLog.NLogConfigurationException: 'FileTarget' cannot assign unknown property 'concurrentWrites'='true'
   at NLog.Config.LoggingConfigurationParser.SetPropertyValueFromString[T](T targetObject, String propertyName, String propertyValue, ValidatedConfigurationElement element)
2025-10-27 22:28:43.4228 Info Registered target NLog.Targets.FileTarget(Name=warnfile)
2025-10-27 22:28:43.4228 Warn Error has been raised. Exception: NLog.NLogConfigurationException: 'FileTarget' cannot assign unknown property 'concurrentWrites'='true'
   at NLog.Config.LoggingConfigurationParser.SetPropertyValueFromString[T](T targetObject, String propertyName, String propertyValue, ValidatedConfigurationElement element)
2025-10-27 22:28:43.4228 Info Registered target NLog.Targets.FileTarget(Name=errorfile)
2025-10-27 22:28:43.4228 Warn Error has been raised. Exception: NLog.NLogConfigurationException: 'FileTarget' cannot assign unknown property 'concurrentWrites'='true'
   at NLog.Config.LoggingConfigurationParser.SetPropertyValueFromString[T](T targetObject, String propertyName, String propertyValue, ValidatedConfigurationElement element)
2025-10-27 22:28:43.4228 Info Registered target NLog.Targets.FileTarget(Name=fatalfile)
2025-10-27 22:28:43.4228 Warn Error has been raised. Exception: NLog.NLogConfigurationException: 'FileTarget' cannot assign unknown property 'concurrentWrites'='true'
   at NLog.Config.LoggingConfigurationParser.SetPropertyValueFromString[T](T targetObject, String propertyName, String propertyValue, ValidatedConfigurationElement element)
2025-10-27 22:28:43.4228 Info Registered target NLog.Targets.FileTarget(Name=voicefile)
2025-10-27 22:28:43.4228 Warn Error has been raised. Exception: NLog.NLogConfigurationException: 'FileTarget' cannot assign unknown property 'concurrentWrites'='true'
   at NLog.Config.LoggingConfigurationParser.SetPropertyValueFromString[T](T targetObject, String propertyName, String propertyValue, ValidatedConfigurationElement element)
2025-10-27 22:28:43.4228 Info Registered target NLog.Targets.FileTarget(Name=discordfile)
2025-10-27 22:28:43.4228 Info Closing old configuration.
2025-10-27 22:28:43.4228 Info Configuration initialized: Targets=10, ConfigItems=177, AutoReload=true, FilePath=/home/ubuntu/source/Ogur.Sentinel/src/Ogur.Sentinel.Worker/bin/Debug/net9.0/appsettings/nlog.config
2025-10-27 22:31:53.3171 Info AutoReload Config File Monitor reloading configuration...
2025-10-27 22:31:53.3171 Info Loading NLog config from XML file: /home/ubuntu/source/Ogur.Sentinel/src/Ogur.Sentinel.Worker/bin/Debug/net9.0/appsettings/nlog.config
2025-10-27 22:31:53.3171 Info Loading assembly name: NLog.Web.AspNetCore
2025-10-27 22:31:53.3171 Warn Error has been raised. Exception: NLog.NLogConfigurationException: Error loading extensions: NLog.Web.AspNetCore
 ---> System.IO.FileNotFoundException: Could not load file or assembly 'NLog.Web.AspNetCore, Culture=neutral, PublicKeyToken=null'. The system cannot find the file specified.

File name: 'NLog.Web.AspNetCore, Culture=neutral, PublicKeyToken=null'
   at System.Reflection.RuntimeAssembly.InternalLoad(AssemblyName assemblyName, StackCrawlMark& stackMark, AssemblyLoadContext assemblyLoadContext, RuntimeAssembly requestingAssembly, Boolean throwOnFileNotFound)
   at System.Reflection.Assembly.Load(String assemblyString)
   at NLog.Config.AssemblyExtensionLoader.LoadAssemblyFromName(String assemblyName)
   at NLog.Config.AssemblyExtensionLoader.LoadAssemblyFromName(ConfigurationItemFactory factory, String assemblyName, String itemNamePrefix)
   at NLog.Config.LoggingConfigurationParser.ParseExtensionWithAssemblyName(String assemblyName, String itemNamePrefix)
   --- End of inner exception stack trace ---
2025-10-27 22:31:53.3171 Info Registered target NLog.Targets.ConsoleTarget(Name=console)
2025-10-27 22:31:53.3171 Warn Error has been raised. Exception: NLog.NLogConfigurationException: 'FileTarget' cannot assign unknown property 'concurrentWrites'='true'
   at NLog.Config.LoggingConfigurationParser.SetPropertyValueFromString[T](T targetObject, String propertyName, String propertyValue, ValidatedConfigurationElement element)
2025-10-27 22:31:53.3171 Info Registered target NLog.Targets.FileTarget(Name=allfile)
2025-10-27 22:31:53.3171 Warn Error has been raised. Exception: NLog.NLogConfigurationException: 'FileTarget' cannot assign unknown property 'concurrentWrites'='true'
   at NLog.Config.LoggingConfigurationParser.SetPropertyValueFromString[T](T targetObject, String propertyName, String propertyValue, ValidatedConfigurationElement element)
2025-10-27 22:31:53.3171 Info Registered target NLog.Targets.FileTarget(Name=tracefile)
2025-10-27 22:31:53.3171 Warn Error has been raised. Exception: NLog.NLogConfigurationException: 'FileTarget' cannot assign unknown property 'concurrentWrites'='true'
   at NLog.Config.LoggingConfigurationParser.SetPropertyValueFromString[T](T targetObject, String propertyName, String propertyValue, ValidatedConfigurationElement element)
2025-10-27 22:31:53.3171 Info Registered target NLog.Targets.FileTarget(Name=debugfile)
2025-10-27 22:31:53.3171 Warn Error has been raised. Exception: NLog.NLogConfigurationException: 'FileTarget' cannot assign unknown property 'concurrentWrites'='true'
   at NLog.Config.LoggingConfigurationParser.SetPropertyValueFromString[T](T targetObject, String propertyName, String propertyValue, ValidatedConfigurationElement element)
2025-10-27 22:31:53.3171 Info Registered target NLog.Targets.FileTarget(Name=infofile)
2025-10-27 22:31:53.3171 Warn Error has been raised. Exception: NLog.NLogConfigurationException: 'FileTarget' cannot assign unknown property 'concurrentWrites'='true'
   at NLog.Config.LoggingConfigurationParser.SetPropertyValueFromString[T](T targetObject, String propertyName, String propertyValue, ValidatedConfigurationElement element)
2025-10-27 22:31:53.3171 Info Registered target NLog.Targets.FileTarget(Name=warnfile)
2025-10-27 22:31:53.3188 Warn Error has been raised. Exception: NLog.NLogConfigurationException: 'FileTarget' cannot assign unknown property 'concurrentWrites'='true'
   at NLog.Config.LoggingConfigurationParser.SetPropertyValueFromString[T](T targetObject, String propertyName, String propertyValue, ValidatedConfigurationElement element)
2025-10-27 22:31:53.3188 Info Registered target NLog.Targets.FileTarget(Name=errorfile)
2025-10-27 22:31:53.3188 Warn Error has been raised. Exception: NLog.NLogConfigurationException: 'FileTarget' cannot assign unknown property 'concurrentWrites'='true'
   at NLog.Config.LoggingConfigurationParser.SetPropertyValueFromString[T](T targetObject, String propertyName, String propertyValue, ValidatedConfigurationElement element)
2025-10-27 22:31:53.3188 Info Registered target NLog.Targets.FileTarget(Name=fatalfile)
2025-10-27 22:31:53.3188 Warn Error has been raised. Exception: NLog.NLogConfigurationException: 'FileTarget' cannot assign unknown property 'concurrentWrites'='true'
   at NLog.Config.LoggingConfigurationParser.SetPropertyValueFromString[T](T targetObject, String propertyName, String propertyValue, ValidatedConfigurationElement element)
2025-10-27 22:31:53.3188 Info Registered target NLog.Targets.FileTarget(Name=voicefile)
2025-10-27 22:31:53.3188 Warn Error has been raised. Exception: NLog.NLogConfigurationException: 'FileTarget' cannot assign unknown property 'concurrentWrites'='true'
   at NLog.Config.LoggingConfigurationParser.SetPropertyValueFromString[T](T targetObject, String propertyName, String propertyValue, ValidatedConfigurationElement element)
2025-10-27 22:31:53.3188 Info Registered target NLog.Targets.FileTarget(Name=discordfile)
2025-10-27 22:31:53.3188 Info Closing old configuration.
2025-10-27 22:31:53.3188 Info Configuration initialized: Targets=10, ConfigItems=177, AutoReload=true, FilePath=/home/ubuntu/source/Ogur.Sentinel/src/Ogur.Sentinel.Worker/bin/Debug/net9.0/appsettings/nlog.config
2025-10-27 22:38:47.0338 Info AutoReload Config File Monitor reloading configuration...
2025-10-27 22:38:47.0338 Info Loading NLog config from XML file: /home/ubuntu/source/Ogur.Sentinel/src/Ogur.Sentinel.Worker/bin/Debug/net9.0/appsettings/nlog.config
2025-10-27 22:38:47.0338 Info Loading assembly name: NLog.Web.AspNetCore
2025-10-27 22:38:47.0349 Warn Error has been raised. Exception: NLog.NLogConfigurationException: Error loading extensions: NLog.Web.AspNetCore
 ---> System.IO.FileNotFoundException: Could not load file or assembly 'NLog.Web.AspNetCore, Culture=neutral, PublicKeyToken=null'. The system cannot find the file specified.

File name: 'NLog.Web.AspNetCore, Culture=neutral, PublicKeyToken=null'
   at System.Reflection.RuntimeAssembly.InternalLoad(AssemblyName assemblyName, StackCrawlMark& stackMark, AssemblyLoadContext assemblyLoadContext, RuntimeAssembly requestingAssembly, Boolean throwOnFileNotFound)
   at System.Reflection.Assembly.Load(String assemblyString)
   at NLog.Config.AssemblyExtensionLoader.LoadAssemblyFromName(String assemblyName)
   at NLog.Config.AssemblyExtensionLoader.LoadAssemblyFromName(ConfigurationItemFactory factory, String assemblyName, String itemNamePrefix)
   at NLog.Config.LoggingConfigurationParser.ParseExtensionWithAssemblyName(String assemblyName, String itemNamePrefix)
   --- End of inner exception stack trace ---
2025-10-27 22:38:47.0349 Info Registered target NLog.Targets.ConsoleTarget(Name=console)
2025-10-27 22:38:47.0349 Warn Error has been raised. Exception: NLog.NLogConfigurationException: 'FileTarget' cannot assign unknown property 'concurrentWrites'='true'
   at NLog.Config.LoggingConfigurationParser.SetPropertyValueFromString[T](T targetObject, String propertyName, String propertyValue, ValidatedConfigurationElement element)
2025-10-27 22:38:47.0349 Info Registered target NLog.Targets.FileTarget(Name=allfile)
2025-10-27 22:38:47.0349 Warn Error has been raised. Exception: NLog.NLogConfigurationException: 'FileTarget' cannot assign unknown property 'concurrentWrites'='true'
   at NLog.Config.LoggingConfigurationParser.SetPropertyValueFromString[T](T targetObject, String propertyName, String propertyValue, ValidatedConfigurationElement element)
2025-10-27 22:38:47.0349 Info Registered target NLog.Targets.FileTarget(Name=tracefile)
2025-10-27 22:38:47.0349 Warn Error has been raised. Exception: NLog.NLogConfigurationException: 'FileTarget' cannot assign unknown property 'concurrentWrites'='true'
   at NLog.Config.LoggingConfigurationParser.SetPropertyValueFromString[T](T targetObject, String propertyName, String propertyValue, ValidatedConfigurationElement element)
2025-10-27 22:38:47.0349 Info Registered target NLog.Targets.FileTarget(Name=debugfile)
2025-10-27 22:38:47.0349 Warn Error has been raised. Exception: NLog.NLogConfigurationException: 'FileTarget' cannot assign unknown property 'concurrentWrites'='true'
   at NLog.Config.LoggingConfigurationParser.SetPropertyValueFromString[T](T targetObject, String propertyName, String propertyValue, ValidatedConfigurationElement element)
2025-10-27 22:38:47.0349 Info Registered target NLog.Targets.FileTarget(Name=infofile)
2025-10-27 22:38:47.0349 Warn Error has been raised. Exception: NLog.NLogConfigurationException: 'FileTarget' cannot assign unknown property 'concurrentWrites'='true'
   at NLog.Config.LoggingConfigurationParser.SetPropertyValueFromString[T](T targetObject, String propertyName, String propertyValue, ValidatedConfigurationElement element)
2025-10-27 22:38:47.0349 Info Registered target NLog.Targets.FileTarget(Name=warnfile)
2025-10-27 22:38:47.0349 Warn Error has been raised. Exception: NLog.NLogConfigurationException: 'FileTarget' cannot assign unknown property 'concurrentWrites'='true'
   at NLog.Config.LoggingConfigurationParser.SetPropertyValueFromString[T](T targetObject, String propertyName, String propertyValue, ValidatedConfigurationElement element)
2025-10-27 22:38:47.0349 Info Registered target NLog.Targets.FileTarget(Name=errorfile)
2025-10-27 22:38:47.0349 Warn Error has been raised. Exception: NLog.NLogConfigurationException: 'FileTarget' cannot assign unknown property 'concurrentWrites'='true'
   at NLog.Config.LoggingConfigurationParser.SetPropertyValueFromString[T](T targetObject, String propertyName, String propertyValue, ValidatedConfigurationElement element)
2025-10-27 22:38:47.0349 Info Registered target NLog.Targets.FileTarget(Name=fatalfile)
2025-10-27 22:38:47.0349 Warn Error has been raised. Exception: NLog.NLogConfigurationException: 'FileTarget' cannot assign unknown property 'concurrentWrites'='true'
   at NLog.Config.LoggingConfigurationParser.SetPropertyValueFromString[T](T targetObject, String propertyName, String propertyValue, ValidatedConfigurationElement element)
2025-10-27 22:38:47.0349 Info Registered target NLog.Targets.FileTarget(Name=voicefile)
2025-10-27 22:38:47.0349 Warn Error has been raised. Exception: NLog.NLogConfigurationException: 'FileTarget' cannot assign unknown property 'concurrentWrites'='true'
   at NLog.Config.LoggingConfigurationParser.SetPropertyValueFromString[T](T targetObject, String propertyName, String propertyValue, ValidatedConfigurationElement element)
2025-10-27 22:38:47.0349 Info Registered target NLog.Targets.FileTarget(Name=discordfile)
2025-10-27 22:38:47.0349 Info Closing old configuration.
2025-10-27 22:38:47.0349 Info Configuration initialized: Targets=10, ConfigItems=177, AutoReload=true, FilePath=/home/ubuntu/source/Ogur.Sentinel/src/Ogur.Sentinel.Worker/bin/Debug/net9.0/appsettings/nlog.config
2025-10-27 22:38:57.1392 Info AutoReload Config File Monitor reloading configuration...
2025-10-27 22:38:57.1392 Info Loading NLog config from XML file: /home/ubuntu/source/Ogur.Sentinel/src/Ogur.Sentinel.Worker/bin/Debug/net9.0/appsettings/nlog.config
2025-10-27 22:38:57.1392 Info Loading assembly name: NLog.Web.AspNetCore
2025-10-27 22:38:57.1392 Warn Error has been raised. Exception: NLog.NLogConfigurationException: Error loading extensions: NLog.Web.AspNetCore
 ---> System.IO.FileNotFoundException: Could not load file or assembly 'NLog.Web.AspNetCore, Culture=neutral, PublicKeyToken=null'. The system cannot find the file specified.

File name: 'NLog.Web.AspNetCore, Culture=neutral, PublicKeyToken=null'
   at System.Reflection.RuntimeAssembly.InternalLoad(AssemblyName assemblyName, StackCrawlMark& stackMark, AssemblyLoadContext assemblyLoadContext, RuntimeAssembly requestingAssembly, Boolean throwOnFileNotFound)
   at System.Reflection.Assembly.Load(String assemblyString)
   at NLog.Config.AssemblyExtensionLoader.LoadAssemblyFromName(String assemblyName)
   at NLog.Config.AssemblyExtensionLoader.LoadAssemblyFromName(ConfigurationItemFactory factory, String assemblyName, String itemNamePrefix)
   at NLog.Config.LoggingConfigurationParser.ParseExtensionWithAssemblyName(String assemblyName, String itemNamePrefix)
   --- End of inner exception stack trace ---
2025-10-27 22:38:57.1392 Info Registered target NLog.Targets.ConsoleTarget(Name=console)
2025-10-27 22:38:57.1392 Warn Error has been raised. Exception: NLog.NLogConfigurationException: 'FileTarget' cannot assign unknown property 'concurrentWrites'='true'
   at NLog.Config.LoggingConfigurationParser.SetPropertyValueFromString[T](T targetObject, String propertyName, String propertyValue, ValidatedConfigurationElement element)
2025-10-27 22:38:57.1392 Info Registered target NLog.Targets.FileTarget(Name=allfile)
2025-10-27 22:38:57.1392 Warn Error has been raised. Exception: NLog.NLogConfigurationException: 'FileTarget' cannot assign unknown property 'concurrentWrites'='true'
   at NLog.Config.LoggingConfigurationParser.SetPropertyValueFromString[T](T targetObject, String propertyName, String propertyValue, ValidatedConfigurationElement element)
2025-10-27 22:38:57.1392 Info Registered target NLog.Targets.FileTarget(Name=tracefile)
2025-10-27 22:38:57.1392 Warn Error has been raised. Exception: NLog.NLogConfigurationException: 'FileTarget' cannot assign unknown property 'concurrentWrites'='true'
   at NLog.Config.LoggingConfigurationParser.SetPropertyValueFromString[T](T targetObject, String propertyName, String propertyValue, ValidatedConfigurationElement element)
2025-10-27 22:38:57.1392 Info Registered target NLog.Targets.FileTarget(Name=debugfile)
2025-10-27 22:38:57.1392 Warn Error has been raised. Exception: NLog.NLogConfigurationException: 'FileTarget' cannot assign unknown property 'concurrentWrites'='true'
   at NLog.Config.LoggingConfigurationParser.SetPropertyValueFromString[T](T targetObject, String propertyName, String propertyValue, ValidatedConfigurationElement element)
2025-10-27 22:38:57.1392 Info Registered target NLog.Targets.FileTarget(Name=infofile)
2025-10-27 22:38:57.1392 Warn Error has been raised. Exception: NLog.NLogConfigurationException: 'FileTarget' cannot assign unknown property 'concurrentWrites'='true'
   at NLog.Config.LoggingConfigurationParser.SetPropertyValueFromString[T](T targetObject, String propertyName, String propertyValue, ValidatedConfigurationElement element)
2025-10-27 22:38:57.1392 Info Registered target NLog.Targets.FileTarget(Name=warnfile)
2025-10-27 22:38:57.1392 Warn Error has been raised. Exception: NLog.NLogConfigurationException: 'FileTarget' cannot assign unknown property 'concurrentWrites'='true'
   at NLog.Config.LoggingConfigurationParser.SetPropertyValueFromString[T](T targetObject, String propertyName, String propertyValue, ValidatedConfigurationElement element)
2025-10-27 22:38:57.1392 Info Registered target NLog.Targets.FileTarget(Name=errorfile)
2025-10-27 22:38:57.1392 Warn Error has been raised. Exception: NLog.NLogConfigurationException: 'FileTarget' cannot assign unknown property 'concurrentWrites'='true'
   at NLog.Config.LoggingConfigurationParser.SetPropertyValueFromString[T](T targetObject, String propertyName, String propertyValue, ValidatedConfigurationElement element)
2025-10-27 22:38:57.1392 Info Registered target NLog.Targets.FileTarget(Name=fatalfile)
2025-10-27 22:38:57.1392 Warn Error has been raised. Exception: NLog.NLogConfigurationException: 'FileTarget' cannot assign unknown property 'concurrentWrites'='true'
   at NLog.Config.LoggingConfigurationParser.SetPropertyValueFromString[T](T targetObject, String propertyName, String propertyValue, ValidatedConfigurationElement element)
2025-10-27 22:38:57.1392 Info Registered target NLog.Targets.FileTarget(Name=voicefile)
2025-10-27 22:38:57.1392 Warn Error has been raised. Exception: NLog.NLogConfigurationException: 'FileTarget' cannot assign unknown property 'concurrentWrites'='true'
   at NLog.Config.LoggingConfigurationParser.SetPropertyValueFromString[T](T targetObject, String propertyName, String propertyValue, ValidatedConfigurationElement element)
2025-10-27 22:38:57.1392 Info Registered target NLog.Targets.FileTarget(Name=discordfile)
2025-10-27 22:38:57.1392 Info Closing old configuration.
2025-10-27 22:38:57.1392 Info Configuration initialized: Targets=10, ConfigItems=177, AutoReload=true, FilePath=/home/ubuntu/source/Ogur.Sentinel/src/Ogur.Sentinel.Worker/bin/Debug/net9.0/appsettings/nlog.config
2025-10-27 22:50:05.6675 Info LogFactory shutting down ...
2025-10-27 22:50:05.6675 Info Closing old configuration.
2025-10-27 22:50:05.6675 Info LogFactory shutdown completed.
